<?xml version="1.0" encoding="UTF-8"?>
<!-- Generated by org.testng.reporters.JUnitXMLReporter -->
<testsuite ignored="0" hostname="DESKTOP-ANQ89CN" failures="0" tests="4" name="Default test" time="0.11" errors="0" timestamp="2022-05-27T17:07:52 CEST">
  <testcase classname="RECHERCHER.RechercherNonPassant" name="@BeforeTest beforeTest" time="0.043">
    <failure type="java.lang.IllegalStateException" message="The driver executable does not exist: C:\Users\DOS REIS\eclipse-workspace\FNAC\src\test\resources\drivers\chromedriver.exe">
      <![CDATA[java.lang.IllegalStateException: The driver executable does not exist: C:\Users\DOS REIS\eclipse-workspace\FNAC\src\test\resources\drivers\chromedriver.exe
at com.google.common.base.Preconditions.checkState(Preconditions.java:585)
at org.openqa.selenium.remote.service.DriverService.checkExecutable(DriverService.java:146)
at org.openqa.selenium.remote.service.DriverService.findExecutable(DriverService.java:141)
at org.openqa.selenium.chrome.ChromeDriverService.access$000(ChromeDriverService.java:35)
at org.openqa.selenium.chrome.ChromeDriverService$Builder.findDefaultExecutable(ChromeDriverService.java:159)
at org.openqa.selenium.remote.service.DriverService$Builder.build(DriverService.java:355)
at org.openqa.selenium.chrome.ChromeDriverService.createDefaultService(ChromeDriverService.java:94)
at org.openqa.selenium.chrome.ChromeDriver.<init>(ChromeDriver.java:123)
at RECHERCHER.RechercherNonPassant.beforeTest(RechercherNonPassant.java:19)
at java.base/jdk.internal.reflect.DirectMethodHandleAccessor.invoke(DirectMethodHandleAccessor.java:104)
at java.base/java.lang.reflect.Method.invoke(Method.java:577)
at org.testng.internal.MethodInvocationHelper.invokeMethod(MethodInvocationHelper.java:134)
at org.testng.internal.MethodInvocationHelper.invokeMethodConsideringTimeout(MethodInvocationHelper.java:63)
at org.testng.internal.ConfigInvoker.invokeConfigurationMethod(ConfigInvoker.java:348)
at org.testng.internal.ConfigInvoker.invokeConfigurations(ConfigInvoker.java:302)
at org.testng.TestRunner.invokeTestConfigurations(TestRunner.java:619)
at org.testng.TestRunner.beforeRun(TestRunner.java:609)
at org.testng.TestRunner.run(TestRunner.java:580)
at org.testng.SuiteRunner.runTest(SuiteRunner.java:384)
at org.testng.SuiteRunner.runSequentially(SuiteRunner.java:378)
at org.testng.SuiteRunner.privateRun(SuiteRunner.java:337)
at org.testng.SuiteRunner.run(SuiteRunner.java:286)
at org.testng.SuiteRunnerWorker.runSuite(SuiteRunnerWorker.java:53)
at org.testng.SuiteRunnerWorker.run(SuiteRunnerWorker.java:96)
at org.testng.TestNG.runSuitesSequentially(TestNG.java:1187)
at org.testng.TestNG.runSuitesLocally(TestNG.java:1109)
at org.testng.TestNG.runSuites(TestNG.java:1039)
at org.testng.TestNG.run(TestNG.java:1007)
at org.testng.remote.AbstractRemoteTestNG.run(AbstractRemoteTestNG.java:115)
at org.testng.remote.RemoteTestNG.initAndRun(RemoteTestNG.java:251)
at org.testng.remote.RemoteTestNG.main(RemoteTestNG.java:77)
]]>
    </failure>
  </testcase> <!-- @BeforeTest beforeTest -->
  <testcase classname="RECHERCHER.RechercherPassant" name="@BeforeTest beforeTest" time="-1.653664072299E9">
    <skipped/>
  </testcase> <!-- @BeforeTest beforeTest -->
  <testcase classname="LOCALISER.LocaliserNonPassant" name="@AfterTest afterTest" time="-1.653664072338E9">
    <skipped/>
  </testcase> <!-- @AfterTest afterTest -->
  <testcase classname="LOCALISER.LocaliserPassant" name="@AfterTest afterTest" time="-1.65366407234E9">
    <skipped/>
  </testcase> <!-- @AfterTest afterTest -->
  <testcase classname="RECHERCHER.RechercherNonPassant" name="@AfterTest afterTest" time="-1.653664072341E9">
    <skipped/>
  </testcase> <!-- @AfterTest afterTest -->
  <testcase classname="RECHERCHER.RechercherPassant" name="@AfterTest afterTest" time="-1.653664072342E9">
    <skipped/>
  </testcase> <!-- @AfterTest afterTest -->
  <testcase classname="RECHERCHER.RechercherNonPassant" name="f" time="0.0">
    <skipped/>
  </testcase> <!-- f -->
  <testcase classname="LOCALISER.LocaliserPassant" name="f" time="0.0">
    <skipped/>
  </testcase> <!-- f -->
  <testcase classname="LOCALISER.LocaliserNonPassant" name="f" time="0.0">
    <skipped/>
  </testcase> <!-- f -->
  <testcase classname="RECHERCHER.RechercherPassant" name="f" time="0.0">
    <skipped/>
  </testcase> <!-- f -->
</testsuite> <!-- Default test -->
